<?xml version="1.0" encoding="UTF-8"?>
<testsuite xmlns:xsi="http://www.w3.org/2001/XMLSchema-instance" xsi:noNamespaceSchemaLocation="https://maven.apache.org/surefire/maven-surefire-plugin/xsd/surefire-test-report.xsd" name="calc.CalculatorTest" time="0.477" tests="4" errors="0" skipped="0" failures="0">
  <properties>
[...]
</properties>
  <testcase name="sqrt_test" classname="calc.CalculatorTest" time="0.453"/>
  <testcase name="power_test" classname="calc.CalculatorTest" time="0.002"/>
  <testcase name="factorial_test" classname="calc.CalculatorTest" time="0.003"/>
  <testcase name="logarithmic_test" classname="calc.CalculatorTest" time="0.002"/>
</testsuite>